<?xml version="1.0" encoding="UTF-8"?>
<!-- Generated by org.testng.reporters.JUnitReportReporter -->
<testsuite skipped="0" hostname="DESKTOP-QA2NH3N" name="com.test.TestCaseTwoArray" tests="1" failures="0" timestamp="06 Jun 2019 16:25:35 GMT" time="0.016" errors="0">
  <testcase name="test1" time="0.016" classname="com.test.TestCaseTwoArray"/>
</testsuite> <!-- com.test.TestCaseTwoArray -->
