<?xml version="1.0" encoding="UTF-8"?>
<!-- Generated by org.testng.reporters.JUnitReportReporter -->
<testsuite skipped="0" hostname="DESKTOP-QA2NH3N" name="com.test.TestCaseFactorial" tests="2" failures="0" timestamp="06 Jun 2019 20:14:55 GMT" time="0.020" errors="0">
  <testcase name="test2" time="0.004" classname="com.test.TestCaseFactorial"/>
  <testcase name="test1" time="0.016" classname="com.test.TestCaseFactorial"/>
</testsuite> <!-- com.test.TestCaseFactorial -->
