<?xml version="1.0" encoding="UTF-8"?>
<!-- Generated by org.testng.reporters.JUnitReportReporter -->
<testsuite skipped="0" hostname="DESKTOP-QA2NH3N" name="com.wbl.test.TestCaseFibo" tests="1" failures="0" timestamp="07 Jun 2019 12:13:57 GMT" time="0.014" errors="0">
  <testcase name="test4" time="0.014" classname="com.wbl.test.TestCaseFibo"/>
</testsuite> <!-- com.wbl.test.TestCaseFibo -->
