<?xml version="1.0" encoding="UTF-8"?>
<!-- Generated by org.testng.reporters.JUnitReportReporter -->
<testsuite skipped="0" hostname="DESKTOP-QA2NH3N" name="com.wbl.test.TestCaseFactorial" tests="1" failures="0" timestamp="07 Jun 2019 10:40:56 GMT" time="0.029" errors="0">
  <testcase name="test1" time="0.029" classname="com.wbl.test.TestCaseFactorial"/>
</testsuite> <!-- com.wbl.test.TestCaseFactorial -->
