<?xml version="1.0" encoding="UTF-8"?>
<!-- Generated by org.testng.reporters.JUnitReportReporter -->
<testsuite skipped="0" hostname="DESKTOP-QA2NH3N" name="com.wbl.test.TestCaseReverseString" tests="1" failures="0" timestamp="07 Jun 2019 23:10:20 GMT" time="0.015" errors="0">
  <testcase name="test1" time="0.015" classname="com.wbl.test.TestCaseReverseString"/>
</testsuite> <!-- com.wbl.test.TestCaseReverseString -->
