<?xml version="1.0" encoding="UTF-8"?>
<!-- Generated by org.testng.reporters.JUnitReportReporter -->
<testsuite skipped="0" hostname="DESKTOP-QA2NH3N" name="com.test.TestCaseReverseString" tests="1" failures="0" timestamp="06 Jun 2019 19:32:13 GMT" time="0.024" errors="0">
  <testcase name="test" time="0.024" classname="com.test.TestCaseReverseString"/>
</testsuite> <!-- com.test.TestCaseReverseString -->
