<?xml version="1.0" encoding="UTF-8"?>
<!-- Generated by org.testng.reporters.JUnitReportReporter -->
<testsuite skipped="0" hostname="DESKTOP-QA2NH3N" name="com.test.TestCaseReverseNumber" tests="1" failures="0" timestamp="06 Jun 2019 18:54:17 GMT" time="0.022" errors="0">
  <testcase name="test1" time="0.022" classname="com.test.TestCaseReverseNumber"/>
</testsuite> <!-- com.test.TestCaseReverseNumber -->
