<?xml version="1.0" encoding="UTF-8"?>
<!-- Generated by org.testng.reporters.JUnitReportReporter -->
<testsuite skipped="0" hostname="DESKTOP-QA2NH3N" name="com.test.TestCaseRemoveDuplicates" tests="2" failures="0" timestamp="06 Jun 2019 19:28:04 GMT" time="0.024" errors="0">
  <testcase name="test1" time="0.016" classname="com.test.TestCaseRemoveDuplicates"/>
  <testcase name="test2" time="0.008" classname="com.test.TestCaseRemoveDuplicates"/>
</testsuite> <!-- com.test.TestCaseRemoveDuplicates -->
