<?xml version="1.0" encoding="UTF-8"?>
<!-- Generated by org.testng.reporters.JUnitReportReporter -->
<testsuite skipped="0" hostname="DESKTOP-QA2NH3N" name="com.test.TestCasePrime" tests="1" failures="0" timestamp="06 Jun 2019 16:32:31 GMT" time="0.016" errors="0">
  <testcase name="test" time="0.016" classname="com.test.TestCasePrime"/>
</testsuite> <!-- com.test.TestCasePrime -->
