<?xml version="1.0" encoding="UTF-8"?>
<!-- Generated by org.testng.reporters.JUnitReportReporter -->
<testsuite skipped="0" hostname="DESKTOP-QA2NH3N" name="com.test.TestCaseFibo" tests="2" failures="0" timestamp="06 Jun 2019 20:17:05 GMT" time="0.026" errors="0">
  <testcase name="test2" time="0.010" classname="com.test.TestCaseFibo"/>
  <testcase name="test1" time="0.016" classname="com.test.TestCaseFibo"/>
</testsuite> <!-- com.test.TestCaseFibo -->
