<?xml version="1.0" encoding="UTF-8"?>
<!-- Generated by org.testng.reporters.JUnitReportReporter -->
<testsuite skipped="0" hostname="DESKTOP-QA2NH3N" name="com.wbl.test.TestCaseRemoveDuplicates" tests="1" failures="0" timestamp="07 Jun 2019 22:59:46 GMT" time="0.018" errors="0">
  <testcase name="test3" time="0.018" classname="com.wbl.test.TestCaseRemoveDuplicates"/>
</testsuite> <!-- com.wbl.test.TestCaseRemoveDuplicates -->
